<?xml version="1.0" encoding="UTF-8"?>
<!-- Generated by org.testng.reporters.JUnitReportReporter -->
<testsuite hostname="DESKTOP-DM7HA6N" failures="0" tests="4" name="day9jun23.TestNgDemo1DataProvider2" time="52.363" errors="0" timestamp="2023-06-09T14:31:39 IST" skipped="0">
  <testcase classname="day9jun23.TestNgDemo1DataProvider2" name="validateLogin" time="14.711"/>
  <system-out/>
  <testcase classname="day9jun23.TestNgDemo1DataProvider2" name="validateLogin" time="12.509"/>
  <system-out/>
  <testcase classname="day9jun23.TestNgDemo1DataProvider2" name="validateLogin" time="12.601"/>
  <system-out/>
  <testcase classname="day9jun23.TestNgDemo1DataProvider2" name="validateLogin" time="12.542"/>
  <system-out/>
</testsuite> <!-- day9jun23.TestNgDemo1DataProvider2 -->
