<?xml version="1.0" encoding="UTF-8"?>
<!-- Generated by org.testng.reporters.JUnitReportReporter -->
<testsuite hostname="DESKTOP-DM7HA6N" failures="0" tests="1" name="day5Jun23.FindRoleUsingSortedWebTableElements" time="23.514" errors="0" timestamp="2023-06-04T12:08:25 IST" skipped="0">
  <testcase classname="day5Jun23.FindRoleUsingSortedWebTableElements" name="VerifySortedElements" time="23.514"/>
  <system-out/>
</testsuite> <!-- day5Jun23.FindRoleUsingSortedWebTableElements -->
