<?xml version="1.0" encoding="UTF-8"?>
<!-- Generated by org.testng.reporters.JUnitReportReporter -->
<testsuite hostname="DESKTOP-DM7HA6N" failures="0" tests="5" name="day17Jun23.GroupsDemo" time="0.023" errors="0" timestamp="2023-06-21T14:00:03 IST" skipped="0">
  <testcase classname="day17Jun23.GroupsDemo" name="testHonda" time="0.005"/>
  <system-out/>
  <testcase classname="day17Jun23.GroupsDemo" name="testYamaha" time="0.001"/>
  <system-out/>
  <testcase classname="day17Jun23.GroupsDemo" name="testBMW" time="0.011"/>
  <system-out/>
  <testcase classname="day17Jun23.GroupsDemo" name="testBenz" time="0.002"/>
  <system-out/>
  <testcase classname="day17Jun23.GroupsDemo" name="testBajaj" time="0.004"/>
  <system-out/>
</testsuite> <!-- day17Jun23.GroupsDemo -->
