<?xml version="1.0" encoding="UTF-8"?>
<!-- Generated by org.testng.reporters.JUnitReportReporter -->
<testsuite hostname="DESKTOP-DM7HA6N" failures="0" tests="1" name="temp.Grid.GoogleTest" time="19.829" errors="0" timestamp="2023-06-20T09:11:02 IST" skipped="0">
  <testcase classname="temp.Grid.GoogleTest" name="GTest" time="19.829"/>
  <system-out/>
</testsuite> <!-- temp.Grid.GoogleTest -->
