<?xml version="1.0" encoding="UTF-8"?>
<!-- Generated by org.testng.reporters.JUnitReportReporter -->
<testsuite hostname="DESKTOP-DM7HA6N" failures="0" tests="1" name="day11Jun23.SoftAssertionDemo" time="0.018" errors="0" timestamp="2023-06-11T12:39:45 IST" skipped="0">
  <testcase classname="day11Jun23.SoftAssertionDemo" name="verifySoftAssertion" time="0.018"/>
  <system-out/>
</testsuite> <!-- day11Jun23.SoftAssertionDemo -->
