<?xml version="1.0" encoding="UTF-8"?>
<!-- Generated by org.testng.reporters.JUnitReportReporter -->
<testsuite hostname="DESKTOP-DM7HA6N" failures="0" tests="5" name="day11Jun23.HelpingAttributesDemo" time="0.011" errors="0" timestamp="2023-06-11T11:38:13 IST" skipped="4">
  <testcase classname="day11Jun23.HelpingAttributesDemo" name="test3" time="0.011"/>
  <system-out/>
  <testcase classname="day11Jun23.HelpingAttributesDemo" name="test2">
    <skipped/>
  </testcase> <!-- test2 -->
  <system-out/>
  <testcase classname="day11Jun23.HelpingAttributesDemo" name="verifytimeOut">
    <skipped/>
  </testcase> <!-- verifytimeOut -->
  <system-out/>
  <testcase classname="day11Jun23.HelpingAttributesDemo" name="test1">
    <skipped/>
  </testcase> <!-- test1 -->
  <system-out/>
  <testcase classname="day11Jun23.HelpingAttributesDemo" name="verifyName">
    <skipped/>
  </testcase> <!-- verifyName -->
  <system-out/>
</testsuite> <!-- day11Jun23.HelpingAttributesDemo -->
