<?xml version="1.0" encoding="UTF-8"?>
<!-- Generated by org.testng.reporters.JUnitReportReporter -->
<testsuite hostname="DESKTOP-DM7HA6N" failures="0" tests="3" name="day7Jun23.TestNgDemo4" time="0.011" errors="0" timestamp="2023-06-07T14:22:53 IST" skipped="0">
  <testcase classname="day7Jun23.TestNgDemo4" name="logout" time="0.003"/>
  <system-out/>
  <testcase classname="day7Jun23.TestNgDemo4" name="login" time="0.006"/>
  <system-out/>
  <testcase classname="day7Jun23.TestNgDemo4" name="reg" time="0.002"/>
  <system-out/>
</testsuite> <!-- day7Jun23.TestNgDemo4 -->
