<?xml version="1.0" encoding="UTF-8"?>
<!-- Generated by org.testng.reporters.JUnitReportReporter -->
<testsuite hostname="DESKTOP-DM7HA6N" failures="0" tests="1" name="day21Jun23.AmazonTest" time="15.220" errors="0" timestamp="2023-06-21T13:30:00 IST" skipped="0">
  <testcase classname="day21Jun23.AmazonTest" name="AMTest" time="15.220"/>
  <system-out/>
</testsuite> <!-- day21Jun23.AmazonTest -->
