<?xml version="1.0" encoding="UTF-8"?>
<!-- Generated by org.testng.reporters.JUnitReportReporter -->
<testsuite hostname="DESKTOP-DM7HA6N" failures="0" tests="1" name="day19Jun23t.ests.LoginTest" time="10.674" errors="0" timestamp="2023-06-19T13:36:13 IST" skipped="0">
  <testcase classname="day19Jun23t.ests.LoginTest" name="loginTest1" time="10.674"/>
  <system-out/>
</testsuite> <!-- day19Jun23t.ests.LoginTest -->
