<?xml version="1.0" encoding="UTF-8"?>
<!-- Generated by org.testng.reporters.JUnitReportReporter -->
<testsuite hostname="DESKTOP-DM7HA6N" failures="0" tests="4" name="day11Jun23.DataProviderDemo3" time="0.015" errors="0" timestamp="2023-06-11T10:19:16 IST" skipped="0">
  <testcase classname="day11Jun23.DataProviderDemo3" name="verifyLogin" time="0.007"/>
  <system-out/>
  <testcase classname="day11Jun23.DataProviderDemo3" name="verifyLogin" time="0.002"/>
  <system-out/>
  <testcase classname="day11Jun23.DataProviderDemo3" name="verifyLogin" time="0.004"/>
  <system-out/>
  <testcase classname="day11Jun23.DataProviderDemo3" name="verifyLogin" time="0.002"/>
  <system-out/>
</testsuite> <!-- day11Jun23.DataProviderDemo3 -->
