<?xml version="1.0" encoding="UTF-8"?>
<!-- Generated by org.testng.reporters.JUnitReportReporter -->
<testsuite hostname="DESKTOP-DM7HA6N" failures="0" tests="4" name="day9jun23.TestNgDemo1DataProvider" time="0.018" errors="0" timestamp="2023-06-09T13:08:34 IST" skipped="0">
  <testcase classname="day9jun23.TestNgDemo1DataProvider" name="validateLogin" time="0.007"/>
  <system-out/>
  <testcase classname="day9jun23.TestNgDemo1DataProvider" name="validateLogin" time="0.004"/>
  <system-out/>
  <testcase classname="day9jun23.TestNgDemo1DataProvider" name="validateLogin" time="0.003"/>
  <system-out/>
  <testcase classname="day9jun23.TestNgDemo1DataProvider" name="validateLogin" time="0.004"/>
  <system-out/>
</testsuite> <!-- day9jun23.TestNgDemo1DataProvider -->
