<?xml version="1.0" encoding="UTF-8"?>
<!-- Generated by org.testng.reporters.JUnitReportReporter -->
<testsuite hostname="DESKTOP-DM7HA6N" failures="0" tests="1" name="day13Jun23.ExcelReadingFileDemo" time="0.806" errors="0" timestamp="2023-06-13T13:51:55 IST" skipped="0">
  <testcase classname="day13Jun23.ExcelReadingFileDemo" name="readExcel" time="0.806"/>
  <system-out/>
</testsuite> <!-- day13Jun23.ExcelReadingFileDemo -->
