<?xml version="1.0" encoding="UTF-8"?>
<!-- Generated by org.testng.reporters.JUnitReportReporter -->
<testsuite hostname="DESKTOP-DM7HA6N" failures="0" tests="4" name="day23jun23.TestSample" time="0.021" errors="0" timestamp="2023-06-22T20:05:59 IST" skipped="2">
  <testcase classname="day23jun23.TestSample" name="Test2" time="0.002">
    <skipped/>
  </testcase> <!-- Test2 -->
  <system-out/>
  <testcase classname="day23jun23.TestSample" name="Test1" time="0.013"/>
  <system-out/>
  <testcase classname="day23jun23.TestSample" name="Test2" time="0.003"/>
  <system-out/>
  <testcase classname="day23jun23.TestSample" name="Test2" time="0.003">
    <skipped/>
  </testcase> <!-- Test2 -->
  <system-out/>
</testsuite> <!-- day23jun23.TestSample -->
