<?xml version="1.0" encoding="UTF-8"?>
<!-- Generated by org.testng.reporters.JUnitReportReporter -->
<testsuite hostname="DESKTOP-DM7HA6N" failures="0" tests="2" name="day23jun23.ReTryTestSample" time="0.014" errors="0" timestamp="2023-06-24T10:29:18 IST" skipped="0">
  <testcase classname="day23jun23.ReTryTestSample" name="Test2" time="0.002"/>
  <system-out/>
  <testcase classname="day23jun23.ReTryTestSample" name="Test1" time="0.012"/>
  <system-out/>
</testsuite> <!-- day23jun23.ReTryTestSample -->
