<?xml version="1.0" encoding="UTF-8"?>
<!-- Generated by org.testng.reporters.JUnitReportReporter -->
<testsuite hostname="DESKTOP-DM7HA6N" failures="0" tests="1" name="day5Jun23.FilteringElementsUsingSearchDemo" time="16.582" errors="0" timestamp="2023-06-04T12:07:27 IST" skipped="0">
  <testcase classname="day5Jun23.FilteringElementsUsingSearchDemo" name="VerifySortedElements" time="16.582"/>
  <system-out/>
</testsuite> <!-- day5Jun23.FilteringElementsUsingSearchDemo -->
