<?xml version="1.0" encoding="UTF-8"?>
<!-- Generated by org.testng.reporters.JUnitReportReporter -->
<testsuite hostname="DESKTOP-DM7HA6N" failures="0" tests="4" name="day11Jun23.DataProviderDemo1" time="0.016" errors="0" timestamp="2023-06-11T10:09:46 IST" skipped="0">
  <testcase classname="day11Jun23.DataProviderDemo1" name="verifyLogin" time="0.007"/>
  <system-out/>
  <testcase classname="day11Jun23.DataProviderDemo1" name="verifyLogin" time="0.003"/>
  <system-out/>
  <testcase classname="day11Jun23.DataProviderDemo1" name="verifyLogin" time="0.005"/>
  <system-out/>
  <testcase classname="day11Jun23.DataProviderDemo1" name="verifyLogin" time="0.001"/>
  <system-out/>
</testsuite> <!-- day11Jun23.DataProviderDemo1 -->
