<?xml version="1.0" encoding="UTF-8"?>
<!-- Generated by org.testng.reporters.JUnitReportReporter -->
<testsuite hostname="DESKTOP-DM7HA6N" failures="0" tests="2" name="day11Jun23.PaymentDemo" time="0.009" errors="0" timestamp="2023-06-11T10:40:11 IST" skipped="0">
  <testcase classname="day11Jun23.PaymentDemo" name="verifyPayment" time="0.002"/>
  <system-out/>
  <testcase classname="day11Jun23.PaymentDemo" name="verifyPayment" time="0.007"/>
  <system-out/>
</testsuite> <!-- day11Jun23.PaymentDemo -->
