<?xml version="1.0" encoding="UTF-8"?>
<!-- Generated by org.testng.reporters.JUnitReportReporter -->
<testsuite hostname="DESKTOP-DM7HA6N" failures="0" tests="2" name="day11Jun23.ShippingDemo" time="0.004" errors="0" timestamp="2023-06-11T10:40:10 IST" skipped="0">
  <testcase classname="day11Jun23.ShippingDemo" name="verifyPayment" time="0.003"/>
  <system-out/>
  <testcase classname="day11Jun23.ShippingDemo" name="verifyPayment" time="0.001"/>
  <system-out/>
</testsuite> <!-- day11Jun23.ShippingDemo -->
