<?xml version="1.0" encoding="UTF-8"?>
<!-- Generated by org.testng.reporters.JUnitReportReporter -->
<testsuite hostname="DESKTOP-DM7HA6N" failures="0" tests="5" name="day13Jun23.DataProviderDemo1" time="0.016" errors="0" timestamp="2023-06-13T14:20:11 IST" skipped="0">
  <testcase classname="day13Jun23.DataProviderDemo1" name="verifyLogin" time="0.001"/>
  <system-out/>
  <testcase classname="day13Jun23.DataProviderDemo1" name="verifyLogin" time="0.008"/>
  <system-out/>
  <testcase classname="day13Jun23.DataProviderDemo1" name="verifyLogin" time="0.003"/>
  <system-out/>
  <testcase classname="day13Jun23.DataProviderDemo1" name="verifyLogin" time="0.002"/>
  <system-out/>
  <testcase classname="day13Jun23.DataProviderDemo1" name="verifyLogin" time="0.002"/>
  <system-out/>
</testsuite> <!-- day13Jun23.DataProviderDemo1 -->
