<?xml version="1.0" encoding="UTF-8"?>
<!-- Generated by org.testng.reporters.JUnitReportReporter -->
<testsuite hostname="DESKTOP-DM7HA6N" failures="0" tests="2" name="day7Jun23.TestNgDemo2" time="0.010" errors="0" timestamp="2023-06-07T14:06:15 IST" skipped="1">
  <testcase classname="day7Jun23.TestNgDemo2" name="reg" time="0.008"/>
  <system-out/>
  <testcase classname="day7Jun23.TestNgDemo2" name="login" time="0.002">
    <skipped/>
  </testcase> <!-- login -->
  <system-out/>
</testsuite> <!-- day7Jun23.TestNgDemo2 -->
