<?xml version="1.0" encoding="UTF-8"?>
<!-- Generated by org.testng.reporters.JUnitReportReporter -->
<testsuite hostname="DESKTOP-DM7HA6N" failures="0" tests="1" name="day19Jun23.tests.LoginTest" time="9.529" errors="0" timestamp="2023-06-20T09:22:05 IST" skipped="0">
  <testcase classname="day19Jun23.tests.LoginTest" name="loginTest1" time="9.529"/>
  <system-out/>
</testsuite> <!-- day19Jun23.tests.LoginTest -->
